<?xml version="1.0" encoding="UTF-8"?>
<!-- Generated by org.testng.reporters.JUnitReportReporter -->
<testsuite hostname="DESKTOP-QGFI4G8" failures="0" tests="4" name="org.sample.mavenproject.RecentlyPlayedStoreTest" time="0.018" errors="0" timestamp="2024-09-13T22:09:41 IST" skipped="0">
  <testcase classname="org.sample.mavenproject.RecentlyPlayedStoreTest" name="testAddAndRetrieveSongs" time="0.011"/>
  <system-out/>
  <testcase classname="org.sample.mavenproject.RecentlyPlayedStoreTest" name="testEviction" time="0.005"/>
  <system-out/>
  <testcase classname="org.sample.mavenproject.RecentlyPlayedStoreTest" name="testMoveToRecent" time="0.001"/>
  <system-out/>
  <testcase classname="org.sample.mavenproject.RecentlyPlayedStoreTest" name="testMultipleUsers" time="0.001"/>
  <system-out/>
</testsuite> <!-- org.sample.mavenproject.RecentlyPlayedStoreTest -->
