<?xml version="1.0" encoding="UTF-8"?>
<!-- Generated by org.testng.reporters.JUnitReportReporter -->
<testsuite hostname="DESKTOP-S2T2UDI" failures="0" tests="1" name="com.orangehrm.qa.testCases.LoginPageTest" time="14.120" errors="0" timestamp="2024-02-19T22:47:09 IST" skipped="0">
  <testcase classname="com.orangehrm.qa.testCases.LoginPageTest" name="login" time="14.120"/>
  <system-out/>
</testsuite> <!-- com.orangehrm.qa.testCases.LoginPageTest -->
