<?xml version="1.0" encoding="UTF-8"?>
<!-- Generated by org.testng.reporters.JUnitReportReporter -->
<testsuite hostname="DESKTOP-S2T2UDI" failures="0" tests="1" name="Tesy" time="4.567" errors="0" timestamp="2024-01-12T22:43:16 IST" skipped="0">
  <testcase classname="Tesy" name="test1" time="4.567"/>
</testsuite> <!-- Tesy -->
