<?xml version="1.0" encoding="UTF-8"?>
<!-- Generated by org.testng.reporters.JUnitReportReporter -->
<testsuite hostname="DESKTOP-S2T2UDI" failures="0" tests="4" name="HTTPRequest" time="8.190" errors="0" timestamp="2024-01-13T16:03:03 IST" skipped="0">
  <testcase classname="HTTPRequest" name="getUsers" time="5.827"/>
  <testcase classname="HTTPRequest" name="createUser" time="1.441"/>
  <testcase classname="HTTPRequest" name="updateUser" time="0.485"/>
  <testcase classname="HTTPRequest" name="deleteUser" time="0.437"/>
</testsuite> <!-- HTTPRequest -->
