<?xml version="1.0" encoding="UTF-8"?>
<!-- Generated by org.testng.reporters.JUnitReportReporter -->
<testsuite hostname="DESKTOP-S2T2UDI" failures="0" tests="1" name="DifferentWaysToCreatePostRequestBody" time="4.884" errors="0" timestamp="2024-01-15T10:38:12 IST" skipped="0">
  <testcase classname="DifferentWaysToCreatePostRequestBody" name="createByExternalPOJOClass" time="4.884"/>
</testsuite> <!-- DifferentWaysToCreatePostRequestBody -->
