<?xml version="1.0" encoding="UTF-8"?>
<!-- Generated by org.testng.reporters.JUnitReportReporter -->
<testsuite hostname="DESKTOP-QGFI4G8" failures="0" tests="1" name="com.qa.rest.test.GETCallBDD" time="1.811" errors="0" timestamp="2024-07-23T08:52:18 IST" skipped="0">
  <testcase classname="com.qa.rest.test.GETCallBDD" name="test_numberOfCircuitsFor2017_Season" time="1.811"/>
  <system-out/>
</testsuite> <!-- com.qa.rest.test.GETCallBDD -->
